<?xml version="1.0" encoding="UTF-8"?>
<testng-results ignored="0" total="1" passed="1" failed="0" skipped="0">
  <reporter-output>
  </reporter-output>
  <suite started-at="2023-02-02T16:48:34 IST" name="Default suite" finished-at="2023-02-02T16:50:03 IST" duration-ms="88675">
    <groups>
    </groups>
    <test started-at="2023-02-02T16:48:34 IST" name="Default test" finished-at="2023-02-02T16:50:03 IST" duration-ms="88675">
      <class name="pom.testcases.Tc003new">
        <test-method is-config="true" signature="beforeSuite()[pri:0, instance:pom.testcases.Tc003new@58d75e99]" started-at="2023-02-02T16:48:34 IST" name="beforeSuite" finished-at="2023-02-02T16:48:34 IST" duration-ms="357" status="PASS">
          <reporter-output>
          </reporter-output>
        </test-method> <!-- beforeSuite -->
        <test-method is-config="true" signature="beforetest()[pri:0, instance:pom.testcases.Tc003new@58d75e99]" started-at="2023-02-02T16:48:34 IST" name="beforetest" finished-at="2023-02-02T16:48:34 IST" duration-ms="1" status="PASS">
          <reporter-output>
          </reporter-output>
        </test-method> <!-- beforetest -->
        <test-method is-config="true" signature="beforeClass()[pri:0, instance:pom.testcases.Tc003new@58d75e99]" started-at="2023-02-02T16:48:34 IST" name="beforeClass" finished-at="2023-02-02T16:48:34 IST" duration-ms="2" status="PASS">
          <reporter-output>
          </reporter-output>
        </test-method> <!-- beforeClass -->
        <test-method is-config="true" signature="beforeMethod()[pri:0, instance:pom.testcases.Tc003new@58d75e99]" started-at="2023-02-02T16:48:34 IST" name="beforeMethod" finished-at="2023-02-02T16:49:19 IST" duration-ms="44595" status="PASS">
          <reporter-output>
          </reporter-output>
        </test-method> <!-- beforeMethod -->
        <test-method signature="irctcftrnewpage()[pri:0, instance:pom.testcases.Tc003new@58d75e99]" started-at="2023-02-02T16:49:19 IST" name="irctcftrnewpage" finished-at="2023-02-02T16:50:03 IST" duration-ms="44023" status="PASS">
          <reporter-output>
          </reporter-output>
        </test-method> <!-- irctcftrnewpage -->
        <test-method is-config="true" signature="afterMethod()[pri:0, instance:pom.testcases.Tc003new@58d75e99]" started-at="2023-02-02T16:50:03 IST" name="afterMethod" finished-at="2023-02-02T16:50:03 IST" duration-ms="1" status="PASS">
          <reporter-output>
          </reporter-output>
        </test-method> <!-- afterMethod -->
        <test-method is-config="true" signature="afterClass()[pri:0, instance:pom.testcases.Tc003new@58d75e99]" started-at="2023-02-02T16:50:03 IST" name="afterClass" finished-at="2023-02-02T16:50:03 IST" duration-ms="3" status="PASS">
          <reporter-output>
          </reporter-output>
        </test-method> <!-- afterClass -->
        <test-method is-config="true" signature="afterTest()[pri:0, instance:pom.testcases.Tc003new@58d75e99]" started-at="2023-02-02T16:50:03 IST" name="afterTest" finished-at="2023-02-02T16:50:03 IST" duration-ms="0" status="PASS">
          <reporter-output>
          </reporter-output>
        </test-method> <!-- afterTest -->
        <test-method is-config="true" signature="afterSuite()[pri:0, instance:pom.testcases.Tc003new@58d75e99]" started-at="2023-02-02T16:50:03 IST" name="afterSuite" finished-at="2023-02-02T16:50:03 IST" duration-ms="453" status="PASS">
          <reporter-output>
          </reporter-output>
        </test-method> <!-- afterSuite -->
      </class> <!-- pom.testcases.Tc003new -->
    </test> <!-- Default test -->
  </suite> <!-- Default suite -->
</testng-results>
